<?xml version="1.0" encoding="UTF-8"?>
<!-- Generated by org.testng.reporters.JUnitXMLReporter -->
<testsuite ignored="0" hostname="agrewal1021" failures="1" tests="1" name="Android Login" time="942.988" errors="0" timestamp="2024-05-06T16:00:41 EDT">
  <testcase classname="Allure.AllureDemoJAVA11.HNB_Consumer" name="Login" time="803.755">
    <failure type="org.openqa.selenium.NoSuchElementException" message="An element could not be located on the page using the given search parameters.
For documentation on this error, please visit: https://www.selenium.dev/documentation/webdriver/troubleshooting/errors#no-such-element-exception
Build info: version: &amp;apos;4.20.0&amp;apos;, revision: &amp;apos;866c76ca80&amp;apos;
System info: os.name: &amp;apos;Mac OS X&amp;apos;, os.arch: &amp;apos;x86_64&amp;apos;, os.version: &amp;apos;10.16&amp;apos;, java.version: &amp;apos;12.0.2&amp;apos;
Driver info: io.appium.java_client.ios.IOSDriver
Command: [1a26167b-6b5a-4ff8-bedf-6579baa17c27, findElement {using=xpath, value=//*[@*[contains(., &amp;apos;something went wrong&amp;apos;) or contains(., &amp;apos;Something Went Wrong&amp;apos;) or contains(., &amp;apos;something happened&amp;apos;)]]}]
Capabilities {appium:automationName: XCuiTest, appium:bundleId: com.huntington.test, appium:databaseEnabled: false, appium:deviceName: iPhone 14, appium:executionId: 1a26167b-6b5a-4ff8-bedf-657..., appium:javascriptEnabled: true, appium:locationContextEnabled: false, appium:manufacturer: Apple, appium:mjpegServerPort: 9412, appium:model: iPhone 14, appium:networkConnectionEnabled: false, appium:platformVersion: 17.0, appium:reportPdfUrl: https://hnb.app.perfectomob..., appium:securityToken: eyJhbGciOiJIUzI1NiIsInR5cCI..., appium:simulatorStartupTimeout: 300000, appium:stopUrl: https://hnb.perfectomobile...., appium:streamInfo: {&amp;quot;url&amp;quot;:&amp;quot;https://fast-image-..., appium:takesScreenshot: true, appium:testGridReportUrl: https://hnb.app.perfectomob..., appium:udid: DCC4FC77-D2E4-4FA2-859C-B2F..., appium:usePrebuiltWDA: true, appium:useVirtualDevice: true, appium:webStorageEnabled: false, platformName: IOS}
Session ID: 1a26167b-6b5a-4ff8-bedf-6579baa17c27">
      <![CDATA[org.openqa.selenium.NoSuchElementException: An element could not be located on the page using the given search parameters.
For documentation on this error, please visit: https://www.selenium.dev/documentation/webdriver/troubleshooting/errors#no-such-element-exception
Build info: version: '4.20.0', revision: '866c76ca80'
System info: os.name: 'Mac OS X', os.arch: 'x86_64', os.version: '10.16', java.version: '12.0.2'
Driver info: io.appium.java_client.ios.IOSDriver
Command: [1a26167b-6b5a-4ff8-bedf-6579baa17c27, findElement {using=xpath, value=//*[@*[contains(., 'something went wrong') or contains(., 'Something Went Wrong') or contains(., 'something happened')]]}]
Capabilities {appium:automationName: XCuiTest, appium:bundleId: com.huntington.test, appium:databaseEnabled: false, appium:deviceName: iPhone 14, appium:executionId: 1a26167b-6b5a-4ff8-bedf-657..., appium:javascriptEnabled: true, appium:locationContextEnabled: false, appium:manufacturer: Apple, appium:mjpegServerPort: 9412, appium:model: iPhone 14, appium:networkConnectionEnabled: false, appium:platformVersion: 17.0, appium:reportPdfUrl: https://hnb.app.perfectomob..., appium:securityToken: eyJhbGciOiJIUzI1NiIsInR5cCI..., appium:simulatorStartupTimeout: 300000, appium:stopUrl: https://hnb.perfectomobile...., appium:streamInfo: {"url":"https://fast-image-..., appium:takesScreenshot: true, appium:testGridReportUrl: https://hnb.app.perfectomob..., appium:udid: DCC4FC77-D2E4-4FA2-859C-B2F..., appium:usePrebuiltWDA: true, appium:useVirtualDevice: true, appium:webStorageEnabled: false, platformName: IOS}
Session ID: 1a26167b-6b5a-4ff8-bedf-6579baa17c27
at org.openqa.selenium.remote.codec.w3c.W3CHttpResponseCodec.createException(W3CHttpResponseCodec.java:200)
at org.openqa.selenium.remote.codec.w3c.W3CHttpResponseCodec.decode(W3CHttpResponseCodec.java:133)
at org.openqa.selenium.remote.codec.w3c.W3CHttpResponseCodec.decode(W3CHttpResponseCodec.java:52)
at org.openqa.selenium.remote.HttpCommandExecutor.execute(HttpCommandExecutor.java:191)
at io.appium.java_client.remote.AppiumCommandExecutor.execute(AppiumCommandExecutor.java:262)
at org.openqa.selenium.remote.RemoteWebDriver.execute(RemoteWebDriver.java:602)
at org.openqa.selenium.remote.ElementLocation$ElementFinder$2.findElement(ElementLocation.java:165)
at org.openqa.selenium.remote.ElementLocation.findElement(ElementLocation.java:59)
at org.openqa.selenium.remote.RemoteWebDriver.findElement(RemoteWebDriver.java:359)
at org.openqa.selenium.remote.RemoteWebDriver.findElement(RemoteWebDriver.java:353)
at Allure.AllureDemoJAVA11.HNB_Consumer.Login(HNB_Consumer.java:144)
at java.base/java.util.ArrayList.forEach(ArrayList.java:1540)
at java.base/java.util.concurrent.FutureTask.run(FutureTask.java:264)
at java.base/java.util.concurrent.ThreadPoolExecutor.runWorker(ThreadPoolExecutor.java:1128)
at java.base/java.util.concurrent.ThreadPoolExecutor$Worker.run(ThreadPoolExecutor.java:628)
at java.base/java.lang.Thread.run(Thread.java:835)
... Removed 23 stack frames]]>
    </failure>
  </testcase> <!-- Login -->
</testsuite> <!-- Android Login -->
