<?xml version="1.0" encoding="UTF-8"?>
<!-- Generated by org.testng.reporters.JUnitXMLReporter -->
<testsuite ignored="0" hostname="agrewal1021" failures="1" tests="1" name="iOS Login" time="652.312" errors="0" timestamp="2024-05-28T15:57:27 EDT">
  <testcase classname="Allure.AllureDemoJAVA11.HNB_Consumer" name="Login" time="523.415">
    <failure type="org.openqa.selenium.NoSuchElementException" message="An element could not be located on the page using the given search parameters.
For documentation on this error, please visit: https://www.selenium.dev/documentation/webdriver/troubleshooting/errors#no-such-element-exception
Build info: version: &amp;apos;4.21.0&amp;apos;, revision: &amp;apos;79ed462ef4&amp;apos;
System info: os.name: &amp;apos;Mac OS X&amp;apos;, os.arch: &amp;apos;x86_64&amp;apos;, os.version: &amp;apos;10.16&amp;apos;, java.version: &amp;apos;12.0.2&amp;apos;
Driver info: io.appium.java_client.ios.IOSDriver
Command: [9291c812-0bfc-4839-9363-e2ae6ad89d52, findElement {using=xpath, value=//*[@*[contains(., &amp;apos;something went wrong&amp;apos;) or contains(., &amp;apos;Something Went Wrong&amp;apos;) or contains(., &amp;apos;something happened&amp;apos;)]]}]
Capabilities {appium:automationName: XCuiTest, appium:bundleId: com.huntington.test, appium:databaseEnabled: false, appium:deviceName: iPhone 14 Pro Max, appium:executionId: 9291c812-0bfc-4839-9363-e2a..., appium:javascriptEnabled: true, appium:locationContextEnabled: false, appium:manufacturer: Apple, appium:mjpegServerPort: 9412, appium:model: iPhone 14 Pro Max, appium:networkConnectionEnabled: false, appium:platformVersion: 17.0, appium:reportPdfUrl: https://hnb.app.perfectomob..., appium:securityToken: eyJhbGciOiJIUzI1NiIsInR5cCI..., appium:simulatorStartupTimeout: 300000, appium:stopUrl: https://hnb.perfectomobile...., appium:streamInfo: {&amp;quot;url&amp;quot;:&amp;quot;https://fast-image-..., appium:takesScreenshot: true, appium:testGridReportUrl: https://hnb.app.perfectomob..., appium:udid: E3A29F9D-1BDC-4248-A05D-2DE..., appium:usePrebuiltWDA: true, appium:useVirtualDevice: true, appium:webStorageEnabled: false, platformName: IOS}
Session ID: 9291c812-0bfc-4839-9363-e2ae6ad89d52">
      <![CDATA[org.openqa.selenium.NoSuchElementException: An element could not be located on the page using the given search parameters.
For documentation on this error, please visit: https://www.selenium.dev/documentation/webdriver/troubleshooting/errors#no-such-element-exception
Build info: version: '4.21.0', revision: '79ed462ef4'
System info: os.name: 'Mac OS X', os.arch: 'x86_64', os.version: '10.16', java.version: '12.0.2'
Driver info: io.appium.java_client.ios.IOSDriver
Command: [9291c812-0bfc-4839-9363-e2ae6ad89d52, findElement {using=xpath, value=//*[@*[contains(., 'something went wrong') or contains(., 'Something Went Wrong') or contains(., 'something happened')]]}]
Capabilities {appium:automationName: XCuiTest, appium:bundleId: com.huntington.test, appium:databaseEnabled: false, appium:deviceName: iPhone 14 Pro Max, appium:executionId: 9291c812-0bfc-4839-9363-e2a..., appium:javascriptEnabled: true, appium:locationContextEnabled: false, appium:manufacturer: Apple, appium:mjpegServerPort: 9412, appium:model: iPhone 14 Pro Max, appium:networkConnectionEnabled: false, appium:platformVersion: 17.0, appium:reportPdfUrl: https://hnb.app.perfectomob..., appium:securityToken: eyJhbGciOiJIUzI1NiIsInR5cCI..., appium:simulatorStartupTimeout: 300000, appium:stopUrl: https://hnb.perfectomobile...., appium:streamInfo: {"url":"https://fast-image-..., appium:takesScreenshot: true, appium:testGridReportUrl: https://hnb.app.perfectomob..., appium:udid: E3A29F9D-1BDC-4248-A05D-2DE..., appium:usePrebuiltWDA: true, appium:useVirtualDevice: true, appium:webStorageEnabled: false, platformName: IOS}
Session ID: 9291c812-0bfc-4839-9363-e2ae6ad89d52
at org.openqa.selenium.remote.codec.w3c.W3CHttpResponseCodec.createException(W3CHttpResponseCodec.java:200)
at org.openqa.selenium.remote.codec.w3c.W3CHttpResponseCodec.decode(W3CHttpResponseCodec.java:133)
at org.openqa.selenium.remote.codec.w3c.W3CHttpResponseCodec.decode(W3CHttpResponseCodec.java:52)
at org.openqa.selenium.remote.HttpCommandExecutor.execute(HttpCommandExecutor.java:191)
at io.appium.java_client.remote.AppiumCommandExecutor.execute(AppiumCommandExecutor.java:262)
at org.openqa.selenium.remote.RemoteWebDriver.execute(RemoteWebDriver.java:602)
at org.openqa.selenium.remote.ElementLocation$ElementFinder$2.findElement(ElementLocation.java:165)
at org.openqa.selenium.remote.ElementLocation.findElement(ElementLocation.java:59)
at org.openqa.selenium.remote.RemoteWebDriver.findElement(RemoteWebDriver.java:359)
at org.openqa.selenium.remote.RemoteWebDriver.findElement(RemoteWebDriver.java:353)
at Allure.AllureDemoJAVA11.HNB_Consumer.Login(HNB_Consumer.java:162)
at java.base/java.util.ArrayList.forEach(ArrayList.java:1540)
... Removed 32 stack frames]]>
    </failure>
  </testcase> <!-- Login -->
</testsuite> <!-- iOS Login -->
