<html>
<head>
<title>TestNG:  Transfer-8</title>
<link href="../testng.css" rel="stylesheet" type="text/css" />
<link href="../my-testng.css" rel="stylesheet" type="text/css" />

<style type="text/css">
.log { display: none;} 
.stack-trace { display: none;} 
</style>
<script type="text/javascript">
<!--
function flip(e) {
  current = e.style.display;
  if (current == 'block') {
    e.style.display = 'none';
    return 0;
  }
  else {
    e.style.display = 'block';
    return 1;
  }
}

function toggleBox(szDivId, elem, msg1, msg2)
{
  var res = -1;  if (document.getElementById) {
    res = flip(document.getElementById(szDivId));
  }
  else if (document.all) {
    // this is the way old msie versions work
    res = flip(document.all[szDivId]);
  }
  if(elem) {
    if(res == 0) elem.innerHTML = msg1; else elem.innerHTML = msg2;
  }

}

function toggleAllBoxes() {
  if (document.getElementsByTagName) {
    d = document.getElementsByTagName('div');
    for (i = 0; i < d.length; i++) {
      if (d[i].className == 'log') {
        flip(d[i]);
      }
    }
  }
}

// -->
</script>

</head>
<body>
<h2 align='center'>Transfer-8</h2><table border='1' align="center">
<tr>
<td>Tests passed/Failed/Skipped:</td><td>0/1/0</td>
</tr><tr>
<td>Started on:</td><td>Thu May 09 13:56:41 EDT 2024</td>
</tr>
<tr><td>Total time:</td><td>138 seconds (138796 ms)</td>
</tr><tr>
<td>Included groups:</td><td></td>
</tr><tr>
<td>Excluded groups:</td><td></td>
</tr>
</table><p/>
<small><i>(Hover the method name to see the test class name)</i></small><p/>
<table width='100%' border='1' class='invocation-failed'>
<tr><td colspan='4' align='center'><b>FAILED TESTS</b></td></tr>
<tr><td><b>Test method</b></td>
<td><b>Attribute(s)</b></td>
<td width="30%"><b>Exception</b></td>
<td width="10%"><b>Time (seconds)</b></td>
<td><b>Instance</b></td>
</tr>
<tr>
<td title='Allure.AllureDemoJAVA11.HNB_ConsumerRealDevice.SendTransfer()'><b>SendTransfer</b><br>Test class: Allure.AllureDemoJAVA11.HNB_ConsumerRealDevice</td>
<td><div><pre>org.openqa.selenium.NoSuchElementException: An element could not be located on the page using the given search parameters.
For documentation on this error, please visit: https://www.selenium.dev/documentation/webdriver/troubleshooting/errors#no-such-element-exception
Build info: version: &apos;4.20.0&apos;, revision: &apos;866c76ca80&apos;
System info: os.name: &apos;Mac OS X&apos;, os.arch: &apos;x86_64&apos;, os.version: &apos;10.16&apos;, java.version: &apos;12.0.2&apos;
Driver info: io.appium.java_client.ios.IOSDriver
Command: [fd182068-6a56-4ec0-9521-52e8f7a9fcae, findElement {using=xpath, value=//*[@label = &apos;Remember This Device&apos;]}]
Capabilities {appium:app: PUBLIC:HuntingtonApp/qa_6_5..., appium:assert_javascript_enabled: true, appium:audioStreamInfo: {&quot;audioStreamingServerUrl&quot;:..., appium:automationName: XCuiTest, appium:bundleId: com.huntington.test, appium:databaseEnabled: false, appium:deviceName: 00008130-001854502140001C, appium:deviceSessionId: fd182068-6a56-4ec0-9521-52e..., appium:entityType: appium_driver, appium:executionId: fd182068-6a56-4ec0-9521-52e..., appium:host: hnb.perfectomobile.com, appium:iOSResign: true, appium:internalPureAppiumFlow: true, appium:javascriptEnabled: true, appium:locationContextEnabled: false, appium:mcmExecutionId: ajaydeepg@perfectomobile.on..., appium:model: iPhone.*, appium:networkConnectionEnabled: false, appium:password: , appium:platformVersion: 17.0.3, appium:reportPdfUrl: https://hnb.app.perfectomob..., appium:scriptName: RemoteWebDriver, appium:securityToken: , appium:serverConnector: , appium:simpleIsVisibleCheck: true, appium:stopUrl: https://hnb.perfectomobile...., appium:streamInfo: {&quot;url&quot;:&quot;wss://ams-01.perfec..., appium:takesScreenshot: true, appium:testGridReportUrl: https://hnb.app.perfectomob..., appium:testRunWithPureAppiumFlow: true, appium:udid: 00008130-001854502140001C, appium:webStorageEnabled: false, appium:xcuitestFindOptimizations: true, platformName: IOS}
Session ID: fd182068-6a56-4ec0-9521-52e8f7a9fcae
	at org.openqa.selenium.remote.codec.w3c.W3CHttpResponseCodec.createException(W3CHttpResponseCodec.java:200)
	at org.openqa.selenium.remote.codec.w3c.W3CHttpResponseCodec.decode(W3CHttpResponseCodec.java:133)
	at org.openqa.selenium.remote.codec.w3c.W3CHttpResponseCodec.decode(W3CHttpResponseCodec.java:52)
	at org.openqa.selenium.remote.HttpCommandExecutor.execute(HttpCommandExecutor.java:191)
	at io.appium.java_client.remote.AppiumCommandExecutor.execute(AppiumCommandExecutor.java:262)
	at org.openqa.selenium.remote.RemoteWebDriver.execute(RemoteWebDriver.java:602)
	at org.openqa.selenium.remote.ElementLocation$ElementFinder$2.findElement(ElementLocation.java:165)
	at org.openqa.selenium.remote.ElementLocation.findElement(ElementLocation.java:59)
	at org.openqa.selenium.remote.RemoteWebDriver.findElement(RemoteWebDriver.java:359)
	at org.openqa.selenium.remote.RemoteWebDriver.findElement(RemoteWebDriver.java:353)
	at Allure.AllureDemoJAVA11.HNB_ConsumerRealDevice.SendTransfer(HNB_ConsumerRealDevice.java:165)
	at java.base/java.util.ArrayList.forEach(ArrayList.java:1540)
	at java.base/java.util.concurrent.FutureTask.run(FutureTask.java:264)
	at java.base/java.util.concurrent.ThreadPoolExecutor.runWorker(ThreadPoolExecutor.java:1128)
	at java.base/java.util.concurrent.ThreadPoolExecutor$Worker.run(ThreadPoolExecutor.java:628)
	at java.base/java.lang.Thread.run(Thread.java:835)
... Removed 21 stack frames</pre></div><a href='#' onClick='toggleBox("stack-trace29579267", this, "Click to show all stack frames", "Click to hide stack frames")'>Click to show all stack frames</a>
<div class='stack-trace' id='stack-trace29579267'><pre>org.openqa.selenium.NoSuchElementException: An element could not be located on the page using the given search parameters.
For documentation on this error, please visit: https://www.selenium.dev/documentation/webdriver/troubleshooting/errors#no-such-element-exception
Build info: version: &apos;4.20.0&apos;, revision: &apos;866c76ca80&apos;
System info: os.name: &apos;Mac OS X&apos;, os.arch: &apos;x86_64&apos;, os.version: &apos;10.16&apos;, java.version: &apos;12.0.2&apos;
Driver info: io.appium.java_client.ios.IOSDriver
Command: [fd182068-6a56-4ec0-9521-52e8f7a9fcae, findElement {using=xpath, value=//*[@label = &apos;Remember This Device&apos;]}]
Capabilities {appium:app: PUBLIC:HuntingtonApp/qa_6_5..., appium:assert_javascript_enabled: true, appium:audioStreamInfo: {&quot;audioStreamingServerUrl&quot;:..., appium:automationName: XCuiTest, appium:bundleId: com.huntington.test, appium:databaseEnabled: false, appium:deviceName: 00008130-001854502140001C, appium:deviceSessionId: fd182068-6a56-4ec0-9521-52e..., appium:entityType: appium_driver, appium:executionId: fd182068-6a56-4ec0-9521-52e..., appium:host: hnb.perfectomobile.com, appium:iOSResign: true, appium:internalPureAppiumFlow: true, appium:javascriptEnabled: true, appium:locationContextEnabled: false, appium:mcmExecutionId: ajaydeepg@perfectomobile.on..., appium:model: iPhone.*, appium:networkConnectionEnabled: false, appium:password: , appium:platformVersion: 17.0.3, appium:reportPdfUrl: https://hnb.app.perfectomob..., appium:scriptName: RemoteWebDriver, appium:securityToken: , appium:serverConnector: , appium:simpleIsVisibleCheck: true, appium:stopUrl: https://hnb.perfectomobile...., appium:streamInfo: {&quot;url&quot;:&quot;wss://ams-01.perfec..., appium:takesScreenshot: true, appium:testGridReportUrl: https://hnb.app.perfectomob..., appium:testRunWithPureAppiumFlow: true, appium:udid: 00008130-001854502140001C, appium:webStorageEnabled: false, appium:xcuitestFindOptimizations: true, platformName: IOS}
Session ID: fd182068-6a56-4ec0-9521-52e8f7a9fcae
	at jdk.internal.reflect.GeneratedConstructorAccessor15.newInstance(Unknown Source)
	at java.base/jdk.internal.reflect.DelegatingConstructorAccessorImpl.newInstance(DelegatingConstructorAccessorImpl.java:45)
	at java.base/java.lang.reflect.Constructor.newInstanceWithCaller(Constructor.java:500)
	at java.base/java.lang.reflect.Constructor.newInstance(Constructor.java:481)
	at org.openqa.selenium.remote.codec.w3c.W3CHttpResponseCodec.createException(W3CHttpResponseCodec.java:200)
	at org.openqa.selenium.remote.codec.w3c.W3CHttpResponseCodec.decode(W3CHttpResponseCodec.java:133)
	at org.openqa.selenium.remote.codec.w3c.W3CHttpResponseCodec.decode(W3CHttpResponseCodec.java:52)
	at org.openqa.selenium.remote.HttpCommandExecutor.execute(HttpCommandExecutor.java:191)
	at io.appium.java_client.remote.AppiumCommandExecutor.execute(AppiumCommandExecutor.java:262)
	at org.openqa.selenium.remote.RemoteWebDriver.execute(RemoteWebDriver.java:602)
	at org.openqa.selenium.remote.ElementLocation$ElementFinder$2.findElement(ElementLocation.java:165)
	at org.openqa.selenium.remote.ElementLocation.findElement(ElementLocation.java:59)
	at org.openqa.selenium.remote.RemoteWebDriver.findElement(RemoteWebDriver.java:359)
	at org.openqa.selenium.remote.RemoteWebDriver.findElement(RemoteWebDriver.java:353)
	at Allure.AllureDemoJAVA11.HNB_ConsumerRealDevice.SendTransfer(HNB_ConsumerRealDevice.java:165)
	at java.base/jdk.internal.reflect.NativeMethodAccessorImpl.invoke0(Native Method)
	at java.base/jdk.internal.reflect.NativeMethodAccessorImpl.invoke(NativeMethodAccessorImpl.java:62)
	at java.base/jdk.internal.reflect.DelegatingMethodAccessorImpl.invoke(DelegatingMethodAccessorImpl.java:43)
	at java.base/java.lang.reflect.Method.invoke(Method.java:567)
	at org.testng.internal.invokers.MethodInvocationHelper.invokeMethod(MethodInvocationHelper.java:139)
	at org.testng.internal.invokers.TestInvoker.invokeMethod(TestInvoker.java:677)
	at org.testng.internal.invokers.TestInvoker.invokeTestMethod(TestInvoker.java:221)
	at org.testng.internal.invokers.MethodRunner.runInSequence(MethodRunner.java:50)
	at org.testng.internal.invokers.TestInvoker$MethodInvocationAgent.invoke(TestInvoker.java:969)
	at org.testng.internal.invokers.TestInvoker.invokeTestMethods(TestInvoker.java:194)
	at org.testng.internal.invokers.TestMethodWorker.invokeTestMethods(TestMethodWorker.java:148)
	at org.testng.internal.invokers.TestMethodWorker.run(TestMethodWorker.java:128)
	at java.base/java.util.ArrayList.forEach(ArrayList.java:1540)
	at org.testng.TestRunner.privateRun(TestRunner.java:829)
	at org.testng.TestRunner.run(TestRunner.java:602)
	at org.testng.SuiteRunner.runTest(SuiteRunner.java:437)
	at org.testng.SuiteRunner$SuiteWorker.run(SuiteRunner.java:475)
	at org.testng.internal.thread.ThreadUtil.lambda$execute$0(ThreadUtil.java:58)
	at java.base/java.util.concurrent.FutureTask.run(FutureTask.java:264)
	at java.base/java.util.concurrent.ThreadPoolExecutor.runWorker(ThreadPoolExecutor.java:1128)
	at java.base/java.util.concurrent.ThreadPoolExecutor$Worker.run(ThreadPoolExecutor.java:628)
	at java.base/java.lang.Thread.run(Thread.java:835)
</pre></div></td>
<td>57</td>
<td>Allure.AllureDemoJAVA11.HNB_ConsumerRealDevice@93081b6</td></tr>
</table><p>
</body>
</html>