<?xml version="1.0" encoding="UTF-8"?>
<!-- Generated by org.testng.reporters.JUnitXMLReporter -->
<testsuite ignored="0" hostname="agrewal1021" failures="1" tests="1" name="Default test" time="247.657" errors="0" timestamp="2024-05-28T15:27:20 EDT">
  <testcase classname="Allure.AllureDemoJAVA11.HNB_Consumer" name="Login" time="103.498">
    <failure type="org.openqa.selenium.NoSuchElementException" message="An element could not be located on the page using the given search parameters.
For documentation on this error, please visit: https://www.selenium.dev/documentation/webdriver/troubleshooting/errors#no-such-element-exception
Build info: version: &amp;apos;4.21.0&amp;apos;, revision: &amp;apos;79ed462ef4&amp;apos;
System info: os.name: &amp;apos;Mac OS X&amp;apos;, os.arch: &amp;apos;x86_64&amp;apos;, os.version: &amp;apos;10.16&amp;apos;, java.version: &amp;apos;12.0.2&amp;apos;
Driver info: io.appium.java_client.ios.IOSDriver
Command: [1ca0eee1-e401-49e0-b97d-82e3b9541654, findElement {using=xpath, value=//*[@*[contains(., &amp;apos;something went wrong&amp;apos;) or contains(., &amp;apos;Something Went Wrong&amp;apos;) or contains(., &amp;apos;something happened&amp;apos;)]]}]
Capabilities {appium:appiumVersion: 2.4.1, appium:automationName: XCUITest, appium:bundleId: com.huntington.test, appium:databaseEnabled: false, appium:deviceName: iPhone 14 Pro Max, appium:executionId: 1ca0eee1-e401-49e0-b97d-82e..., appium:javascriptEnabled: true, appium:locationContextEnabled: false, appium:manufacturer: Apple, appium:mjpegServerPort: 9412, appium:model: iPhone 14 Pro Max, appium:networkConnectionEnabled: false, appium:platformVersion: 17.2, appium:reportPdfUrl: https://hnb.app.perfectomob..., appium:securityToken: eyJhbGciOiJIUzI1NiIsInR5cCI..., appium:simulatorStartupTimeout: 300000, appium:stopUrl: https://hnb.perfectomobile...., appium:streamInfo: {&amp;quot;url&amp;quot;:&amp;quot;https://fast-image-..., appium:takesScreenshot: true, appium:testGridReportUrl: https://hnb.app.perfectomob..., appium:udid: 3FD7C840-0B47-42B0-B9B6-8B8..., appium:usePrebuiltWDA: true, appium:useVirtualDevice: true, appium:webStorageEnabled: false, platformName: IOS}
Session ID: 1ca0eee1-e401-49e0-b97d-82e3b9541654">
      <![CDATA[org.openqa.selenium.NoSuchElementException: An element could not be located on the page using the given search parameters.
For documentation on this error, please visit: https://www.selenium.dev/documentation/webdriver/troubleshooting/errors#no-such-element-exception
Build info: version: '4.21.0', revision: '79ed462ef4'
System info: os.name: 'Mac OS X', os.arch: 'x86_64', os.version: '10.16', java.version: '12.0.2'
Driver info: io.appium.java_client.ios.IOSDriver
Command: [1ca0eee1-e401-49e0-b97d-82e3b9541654, findElement {using=xpath, value=//*[@*[contains(., 'something went wrong') or contains(., 'Something Went Wrong') or contains(., 'something happened')]]}]
Capabilities {appium:appiumVersion: 2.4.1, appium:automationName: XCUITest, appium:bundleId: com.huntington.test, appium:databaseEnabled: false, appium:deviceName: iPhone 14 Pro Max, appium:executionId: 1ca0eee1-e401-49e0-b97d-82e..., appium:javascriptEnabled: true, appium:locationContextEnabled: false, appium:manufacturer: Apple, appium:mjpegServerPort: 9412, appium:model: iPhone 14 Pro Max, appium:networkConnectionEnabled: false, appium:platformVersion: 17.2, appium:reportPdfUrl: https://hnb.app.perfectomob..., appium:securityToken: eyJhbGciOiJIUzI1NiIsInR5cCI..., appium:simulatorStartupTimeout: 300000, appium:stopUrl: https://hnb.perfectomobile...., appium:streamInfo: {"url":"https://fast-image-..., appium:takesScreenshot: true, appium:testGridReportUrl: https://hnb.app.perfectomob..., appium:udid: 3FD7C840-0B47-42B0-B9B6-8B8..., appium:usePrebuiltWDA: true, appium:useVirtualDevice: true, appium:webStorageEnabled: false, platformName: IOS}
Session ID: 1ca0eee1-e401-49e0-b97d-82e3b9541654
at java.base/jdk.internal.reflect.NativeConstructorAccessorImpl.newInstance0(Native Method)
at java.base/jdk.internal.reflect.NativeConstructorAccessorImpl.newInstance(NativeConstructorAccessorImpl.java:62)
at java.base/jdk.internal.reflect.DelegatingConstructorAccessorImpl.newInstance(DelegatingConstructorAccessorImpl.java:45)
at java.base/java.lang.reflect.Constructor.newInstanceWithCaller(Constructor.java:500)
at java.base/java.lang.reflect.Constructor.newInstance(Constructor.java:481)
at org.openqa.selenium.remote.codec.w3c.W3CHttpResponseCodec.createException(W3CHttpResponseCodec.java:200)
at org.openqa.selenium.remote.codec.w3c.W3CHttpResponseCodec.decode(W3CHttpResponseCodec.java:133)
at org.openqa.selenium.remote.codec.w3c.W3CHttpResponseCodec.decode(W3CHttpResponseCodec.java:52)
at org.openqa.selenium.remote.HttpCommandExecutor.execute(HttpCommandExecutor.java:191)
at io.appium.java_client.remote.AppiumCommandExecutor.execute(AppiumCommandExecutor.java:262)
at org.openqa.selenium.remote.RemoteWebDriver.execute(RemoteWebDriver.java:602)
at org.openqa.selenium.remote.ElementLocation$ElementFinder$2.findElement(ElementLocation.java:165)
at org.openqa.selenium.remote.ElementLocation.findElement(ElementLocation.java:59)
at org.openqa.selenium.remote.RemoteWebDriver.findElement(RemoteWebDriver.java:359)
at org.openqa.selenium.remote.RemoteWebDriver.findElement(RemoteWebDriver.java:353)
at Allure.AllureDemoJAVA11.HNB_Consumer.Login(HNB_Consumer.java:162)
at java.base/jdk.internal.reflect.NativeMethodAccessorImpl.invoke0(Native Method)
at java.base/jdk.internal.reflect.NativeMethodAccessorImpl.invoke(NativeMethodAccessorImpl.java:62)
at java.base/jdk.internal.reflect.DelegatingMethodAccessorImpl.invoke(DelegatingMethodAccessorImpl.java:43)
at java.base/java.lang.reflect.Method.invoke(Method.java:567)
at org.testng.internal.invokers.MethodInvocationHelper.invokeMethod(MethodInvocationHelper.java:139)
at org.testng.internal.invokers.TestInvoker.invokeMethod(TestInvoker.java:677)
at org.testng.internal.invokers.TestInvoker.invokeTestMethod(TestInvoker.java:221)
at org.testng.internal.invokers.MethodRunner.runInSequence(MethodRunner.java:50)
at org.testng.internal.invokers.TestInvoker$MethodInvocationAgent.invoke(TestInvoker.java:969)
at org.testng.internal.invokers.TestInvoker.invokeTestMethods(TestInvoker.java:194)
at org.testng.internal.invokers.TestMethodWorker.invokeTestMethods(TestMethodWorker.java:148)
at org.testng.internal.invokers.TestMethodWorker.run(TestMethodWorker.java:128)
at java.base/java.util.ArrayList.forEach(ArrayList.java:1540)
at org.testng.TestRunner.privateRun(TestRunner.java:829)
at org.testng.TestRunner.run(TestRunner.java:602)
at org.testng.SuiteRunner.runTest(SuiteRunner.java:437)
at org.testng.SuiteRunner.runSequentially(SuiteRunner.java:431)
at org.testng.SuiteRunner.privateRun(SuiteRunner.java:391)
at org.testng.SuiteRunner.run(SuiteRunner.java:330)
at org.testng.SuiteRunnerWorker.runSuite(SuiteRunnerWorker.java:52)
at org.testng.SuiteRunnerWorker.run(SuiteRunnerWorker.java:95)
at org.testng.TestNG.runSuitesSequentially(TestNG.java:1256)
at org.testng.TestNG.runSuitesLocally(TestNG.java:1176)
at org.testng.TestNG.runSuites(TestNG.java:1099)
at org.testng.TestNG.run(TestNG.java:1067)
at org.testng.remote.AbstractRemoteTestNG.run(AbstractRemoteTestNG.java:115)
at org.testng.remote.RemoteTestNG.initAndRun(RemoteTestNG.java:251)
at org.testng.remote.RemoteTestNG.main(RemoteTestNG.java:77)
]]>
    </failure>
  </testcase> <!-- Login -->
</testsuite> <!-- Default test -->
