<?xml version="1.0" encoding="UTF-8"?>
<!-- Generated by org.testng.reporters.JUnitReportReporter -->
<testsuite hostname="agrewal1021" failures="0" tests="1" name="Allure.AllureDemoJAVA11.HNB_ConsumerRealDevice" time="43.447" errors="1" timestamp="25 Jun. 2024 21:04:41 GMT" skipped="0">
  <testcase classname="Allure.AllureDemoJAVA11.HNB_ConsumerRealDevice" name="SendTransfer" time="43.447">
    <error message="An element could not be located on the page using the given search parameters.
For documentation on this error, please visit: https://www.selenium.dev/documentation/webdriver/troubleshooting/errors#no-such-element-exception
Build info: version: &#039;4.22.0&#039;, revision: &#039;c5f3146703*&#039;
System info: os.name: &#039;Mac OS X&#039;, os.arch: &#039;x86_64&#039;, os.version: &#039;10.16&#039;, java.version: &#039;12.0.2&#039;
Driver info: io.appium.java_client.ios.IOSDriver
Command: [12a8183b-f5b3-45f5-84ae-411b891b1865, findElement {using=xpath, value=//*[@label = &#039;Remind Me Later&#039;]}]
Capabilities {appium:app: PUBLIC:HuntingtonApp/qa_6_5..., appium:assert_javascript_enabled: true, appium:audioStreamInfo: {&quot;audioStreamingServerUrl&quot;:..., appium:automationName: XCuiTest, appium:bundleId: com.huntington.test, appium:databaseEnabled: false, appium:deviceName: 00008130-001854502140001C, appium:deviceSessionId: 12a8183b-f5b3-45f5-84ae-411..., appium:entityType: appium_driver, appium:executionId: 12a8183b-f5b3-45f5-84ae-411..., appium:host: hnb.perfectomobile.com, appium:iOSResign: true, appium:internalPureAppiumFlow: true, appium:javascriptEnabled: true, appium:locationContextEnabled: false, appium:mcmExecutionId: ajaydeepg@perfectomobile.on..., appium:networkConnectionEnabled: false, appium:password: , appium:platformVersion: 17.0.3, appium:reportPdfUrl: https://hnb.app.perfectomob..., appium:scriptName: RemoteWebDriver, appium:securityToken: , appium:serverConnector: , appium:simpleIsVisibleCheck: true, appium:stopUrl: https://hnb.perfectomobile...., appium:streamInfo: {&quot;url&quot;:&quot;wss://ams-01.perfec..., appium:takesScreenshot: true, appium:testGridReportUrl: https://hnb.app.perfectomob..., appium:testRunWithPureAppiumFlow: true, appium:udid: 00008130-001854502140001C, appium:webStorageEnabled: false, appium:xcuitestFindOptimizations: true, platformName: IOS}
Session ID: 12a8183b-f5b3-45f5-84ae-411b891b1865" type="org.openqa.selenium.NoSuchElementException">
      <![CDATA[org.openqa.selenium.NoSuchElementException: An element could not be located on the page using the given search parameters.
For documentation on this error, please visit: https://www.selenium.dev/documentation/webdriver/troubleshooting/errors#no-such-element-exception
Build info: version: '4.22.0', revision: 'c5f3146703*'
System info: os.name: 'Mac OS X', os.arch: 'x86_64', os.version: '10.16', java.version: '12.0.2'
Driver info: io.appium.java_client.ios.IOSDriver
Command: [12a8183b-f5b3-45f5-84ae-411b891b1865, findElement {using=xpath, value=//*[@label = 'Remind Me Later']}]
Capabilities {appium:app: PUBLIC:HuntingtonApp/qa_6_5..., appium:assert_javascript_enabled: true, appium:audioStreamInfo: {"audioStreamingServerUrl":..., appium:automationName: XCuiTest, appium:bundleId: com.huntington.test, appium:databaseEnabled: false, appium:deviceName: 00008130-001854502140001C, appium:deviceSessionId: 12a8183b-f5b3-45f5-84ae-411..., appium:entityType: appium_driver, appium:executionId: 12a8183b-f5b3-45f5-84ae-411..., appium:host: hnb.perfectomobile.com, appium:iOSResign: true, appium:internalPureAppiumFlow: true, appium:javascriptEnabled: true, appium:locationContextEnabled: false, appium:mcmExecutionId: ajaydeepg@perfectomobile.on..., appium:networkConnectionEnabled: false, appium:password: , appium:platformVersion: 17.0.3, appium:reportPdfUrl: https://hnb.app.perfectomob..., appium:scriptName: RemoteWebDriver, appium:securityToken: , appium:serverConnector: , appium:simpleIsVisibleCheck: true, appium:stopUrl: https://hnb.perfectomobile...., appium:streamInfo: {"url":"wss://ams-01.perfec..., appium:takesScreenshot: true, appium:testGridReportUrl: https://hnb.app.perfectomob..., appium:testRunWithPureAppiumFlow: true, appium:udid: 00008130-001854502140001C, appium:webStorageEnabled: false, appium:xcuitestFindOptimizations: true, platformName: IOS}
Session ID: 12a8183b-f5b3-45f5-84ae-411b891b1865
at java.base/jdk.internal.reflect.NativeConstructorAccessorImpl.newInstance0(Native Method)
at java.base/jdk.internal.reflect.NativeConstructorAccessorImpl.newInstance(NativeConstructorAccessorImpl.java:62)
at java.base/jdk.internal.reflect.DelegatingConstructorAccessorImpl.newInstance(DelegatingConstructorAccessorImpl.java:45)
at java.base/java.lang.reflect.Constructor.newInstanceWithCaller(Constructor.java:500)
at java.base/java.lang.reflect.Constructor.newInstance(Constructor.java:481)
at org.openqa.selenium.remote.codec.w3c.W3CHttpResponseCodec.createException(W3CHttpResponseCodec.java:200)
at org.openqa.selenium.remote.codec.w3c.W3CHttpResponseCodec.decode(W3CHttpResponseCodec.java:133)
at org.openqa.selenium.remote.codec.w3c.W3CHttpResponseCodec.decode(W3CHttpResponseCodec.java:52)
at org.openqa.selenium.remote.HttpCommandExecutor.execute(HttpCommandExecutor.java:191)
at io.appium.java_client.remote.AppiumCommandExecutor.execute(AppiumCommandExecutor.java:262)
at org.openqa.selenium.remote.RemoteWebDriver.execute(RemoteWebDriver.java:602)
at org.openqa.selenium.remote.ElementLocation$ElementFinder$2.findElement(ElementLocation.java:165)
at org.openqa.selenium.remote.ElementLocation.findElement(ElementLocation.java:59)
at org.openqa.selenium.remote.RemoteWebDriver.findElement(RemoteWebDriver.java:359)
at org.openqa.selenium.remote.RemoteWebDriver.findElement(RemoteWebDriver.java:353)
at Allure.AllureDemoJAVA11.HNB_ConsumerRealDevice.SendTransfer(HNB_ConsumerRealDevice.java:121)
at java.base/jdk.internal.reflect.NativeMethodAccessorImpl.invoke0(Native Method)
at java.base/jdk.internal.reflect.NativeMethodAccessorImpl.invoke(NativeMethodAccessorImpl.java:62)
at java.base/jdk.internal.reflect.DelegatingMethodAccessorImpl.invoke(DelegatingMethodAccessorImpl.java:43)
at java.base/java.lang.reflect.Method.invoke(Method.java:567)
at org.testng.internal.MethodInvocationHelper.invokeMethod(MethodInvocationHelper.java:124)
at org.testng.internal.Invoker.invokeMethod(Invoker.java:583)
at org.testng.internal.Invoker.invokeTestMethod(Invoker.java:719)
at org.testng.internal.Invoker.invokeTestMethods(Invoker.java:989)
at org.testng.internal.TestMethodWorker.invokeTestMethods(TestMethodWorker.java:125)
at org.testng.internal.TestMethodWorker.run(TestMethodWorker.java:109)
at org.testng.TestRunner.privateRun(TestRunner.java:648)
at org.testng.TestRunner.run(TestRunner.java:505)
at org.testng.SuiteRunner.runTest(SuiteRunner.java:455)
at org.testng.SuiteRunner.access$000(SuiteRunner.java:40)
at org.testng.SuiteRunner$SuiteWorker.run(SuiteRunner.java:489)
at org.testng.internal.thread.ThreadUtil$1.call(ThreadUtil.java:52)
at java.base/java.util.concurrent.FutureTask.run(FutureTask.java:264)
at java.base/java.util.concurrent.ThreadPoolExecutor.runWorker(ThreadPoolExecutor.java:1128)
at java.base/java.util.concurrent.ThreadPoolExecutor$Worker.run(ThreadPoolExecutor.java:628)
at java.base/java.lang.Thread.run(Thread.java:835)
]]>
    </error>
  </testcase> <!-- SendTransfer -->
</testsuite> <!-- Allure.AllureDemoJAVA11.HNB_ConsumerRealDevice -->
