<?xml version="1.0" encoding="UTF-8"?>
<!-- Generated by org.testng.reporters.JUnitReportReporter -->
<testsuite hostname="agrewal1021" failures="0" tests="1" name="Allure.AllureDemoJAVA11.hnb_ios" time="133.386" errors="1" timestamp="2024-04-24T14:17:20 EDT" skipped="0">
  <testcase classname="Allure.AllureDemoJAVA11.hnb_ios" name="Login" time="133.386">
    <error message="An element could not be located on the page using the given search parameters.
For documentation on this error, please visit: https://www.selenium.dev/documentation/webdriver/troubleshooting/errors#no-such-element-exception
Build info: version: &#039;4.19.1&#039;, revision: &#039;abe0ee07dc&#039;
System info: os.name: &#039;Mac OS X&#039;, os.arch: &#039;x86_64&#039;, os.version: &#039;10.16&#039;, java.version: &#039;12.0.2&#039;
Driver info: io.appium.java_client.ios.IOSDriver
Command: [79042993-7423-478b-8bc3-5a13f7196c02, findElement {using=xpath, value=//*[@label=&quot;Dismiss&quot;]}]
Capabilities {appium:automationName: XCuiTest, appium:bundleId: com.huntington.mbusinessonl..., appium:databaseEnabled: false, appium:deviceName: iPhone 14, appium:executionId: 79042993-7423-478b-8bc3-5a1..., appium:javascriptEnabled: true, appium:locationContextEnabled: false, appium:manufacturer: Apple, appium:mjpegServerPort: 9412, appium:model: iPhone 14, appium:networkConnectionEnabled: false, appium:platformVersion: 16.4, appium:reportPdfUrl: https://hnb.app.perfectomob..., appium:securityToken: eyJhbGciOiJIUzI1NiIsInR5cCI..., appium:simulatorStartupTimeout: 300000, appium:stopUrl: https://hnb.perfectomobile...., appium:streamInfo: {&quot;url&quot;:&quot;https://fast-image-..., appium:takesScreenshot: true, appium:testGridReportUrl: https://hnb.app.perfectomob..., appium:udid: 40B7D255-1319-400D-9176-521..., appium:usePrebuiltWDA: true, appium:useVirtualDevice: true, appium:webStorageEnabled: false, platformName: IOS}
Session ID: 79042993-7423-478b-8bc3-5a13f7196c02" type="org.openqa.selenium.NoSuchElementException">
      <![CDATA[org.openqa.selenium.NoSuchElementException: An element could not be located on the page using the given search parameters.
For documentation on this error, please visit: https://www.selenium.dev/documentation/webdriver/troubleshooting/errors#no-such-element-exception
Build info: version: '4.19.1', revision: 'abe0ee07dc'
System info: os.name: 'Mac OS X', os.arch: 'x86_64', os.version: '10.16', java.version: '12.0.2'
Driver info: io.appium.java_client.ios.IOSDriver
Command: [79042993-7423-478b-8bc3-5a13f7196c02, findElement {using=xpath, value=//*[@label="Dismiss"]}]
Capabilities {appium:automationName: XCuiTest, appium:bundleId: com.huntington.mbusinessonl..., appium:databaseEnabled: false, appium:deviceName: iPhone 14, appium:executionId: 79042993-7423-478b-8bc3-5a1..., appium:javascriptEnabled: true, appium:locationContextEnabled: false, appium:manufacturer: Apple, appium:mjpegServerPort: 9412, appium:model: iPhone 14, appium:networkConnectionEnabled: false, appium:platformVersion: 16.4, appium:reportPdfUrl: https://hnb.app.perfectomob..., appium:securityToken: eyJhbGciOiJIUzI1NiIsInR5cCI..., appium:simulatorStartupTimeout: 300000, appium:stopUrl: https://hnb.perfectomobile...., appium:streamInfo: {"url":"https://fast-image-..., appium:takesScreenshot: true, appium:testGridReportUrl: https://hnb.app.perfectomob..., appium:udid: 40B7D255-1319-400D-9176-521..., appium:usePrebuiltWDA: true, appium:useVirtualDevice: true, appium:webStorageEnabled: false, platformName: IOS}
Session ID: 79042993-7423-478b-8bc3-5a13f7196c02
at java.base/jdk.internal.reflect.NativeConstructorAccessorImpl.newInstance0(Native Method)
at java.base/jdk.internal.reflect.NativeConstructorAccessorImpl.newInstance(NativeConstructorAccessorImpl.java:62)
at java.base/jdk.internal.reflect.DelegatingConstructorAccessorImpl.newInstance(DelegatingConstructorAccessorImpl.java:45)
at java.base/java.lang.reflect.Constructor.newInstanceWithCaller(Constructor.java:500)
at java.base/java.lang.reflect.Constructor.newInstance(Constructor.java:481)
at org.openqa.selenium.remote.codec.w3c.W3CHttpResponseCodec.createException(W3CHttpResponseCodec.java:200)
at org.openqa.selenium.remote.codec.w3c.W3CHttpResponseCodec.decode(W3CHttpResponseCodec.java:133)
at org.openqa.selenium.remote.codec.w3c.W3CHttpResponseCodec.decode(W3CHttpResponseCodec.java:52)
at org.openqa.selenium.remote.HttpCommandExecutor.execute(HttpCommandExecutor.java:191)
at io.appium.java_client.remote.AppiumCommandExecutor.execute(AppiumCommandExecutor.java:262)
at org.openqa.selenium.remote.RemoteWebDriver.execute(RemoteWebDriver.java:602)
at org.openqa.selenium.remote.ElementLocation$ElementFinder$2.findElement(ElementLocation.java:165)
at org.openqa.selenium.remote.ElementLocation.findElement(ElementLocation.java:59)
at org.openqa.selenium.remote.RemoteWebDriver.findElement(RemoteWebDriver.java:359)
at org.openqa.selenium.remote.RemoteWebDriver.findElement(RemoteWebDriver.java:353)
at Allure.AllureDemoJAVA11.hnb_ios.Login(hnb_ios.java:127)
at java.base/jdk.internal.reflect.NativeMethodAccessorImpl.invoke0(Native Method)
at java.base/jdk.internal.reflect.NativeMethodAccessorImpl.invoke(NativeMethodAccessorImpl.java:62)
at java.base/jdk.internal.reflect.DelegatingMethodAccessorImpl.invoke(DelegatingMethodAccessorImpl.java:43)
at java.base/java.lang.reflect.Method.invoke(Method.java:567)
at org.testng.internal.invokers.MethodInvocationHelper.invokeMethod(MethodInvocationHelper.java:135)
at org.testng.internal.invokers.TestInvoker.invokeMethod(TestInvoker.java:673)
at org.testng.internal.invokers.TestInvoker.invokeTestMethod(TestInvoker.java:220)
at org.testng.internal.invokers.MethodRunner.runInSequence(MethodRunner.java:50)
at org.testng.internal.invokers.TestInvoker$MethodInvocationAgent.invoke(TestInvoker.java:945)
at org.testng.internal.invokers.TestInvoker.invokeTestMethods(TestInvoker.java:193)
at org.testng.internal.invokers.TestMethodWorker.invokeTestMethods(TestMethodWorker.java:146)
at org.testng.internal.invokers.TestMethodWorker.run(TestMethodWorker.java:128)
at java.base/java.util.ArrayList.forEach(ArrayList.java:1540)
at org.testng.TestRunner.privateRun(TestRunner.java:808)
at org.testng.TestRunner.run(TestRunner.java:603)
at org.testng.SuiteRunner.runTest(SuiteRunner.java:429)
at org.testng.SuiteRunner.access$000(SuiteRunner.java:32)
at org.testng.SuiteRunner$SuiteWorker.run(SuiteRunner.java:467)
at org.testng.internal.thread.ThreadUtil.lambda$execute$0(ThreadUtil.java:58)
at java.base/java.util.concurrent.FutureTask.run(FutureTask.java:264)
at java.base/java.util.concurrent.ThreadPoolExecutor.runWorker(ThreadPoolExecutor.java:1128)
at java.base/java.util.concurrent.ThreadPoolExecutor$Worker.run(ThreadPoolExecutor.java:628)
at java.base/java.lang.Thread.run(Thread.java:835)
]]>
    </error>
  </testcase> <!-- Login -->
  <system-out/>
</testsuite> <!-- Allure.AllureDemoJAVA11.hnb_ios -->
