<?xml version="1.0" encoding="UTF-8"?>
<!-- Generated by org.testng.reporters.JUnitXMLReporter -->
<testsuite ignored="0" hostname="agrewal1021" failures="1" tests="1" name="Test Basics" time="168.561" errors="0" timestamp="2024-04-23T22:37:19 EDT">
  <testcase classname="Allure.AllureDemoJAVA11.hnb_ios" name="Login" time="94.27">
    <failure type="org.openqa.selenium.NoSuchElementException" message="An element could not be located on the page using the given search parameters.
For documentation on this error, please visit: https://www.selenium.dev/documentation/webdriver/troubleshooting/errors#no-such-element-exception
Build info: version: &amp;apos;4.19.1&amp;apos;, revision: &amp;apos;abe0ee07dc&amp;apos;
System info: os.name: &amp;apos;Mac OS X&amp;apos;, os.arch: &amp;apos;x86_64&amp;apos;, os.version: &amp;apos;10.16&amp;apos;, java.version: &amp;apos;12.0.2&amp;apos;
Driver info: io.appium.java_client.ios.IOSDriver
Command: [2d9dfa52-1c8f-4143-9b02-755e18415116, findElement {using=xpath, value=//*[@label=&amp;apos;One-Time Code&amp;apos;]}]
Capabilities {appium:automationName: XCuiTest, appium:bundleId: com.huntington.mbusinessonl..., appium:databaseEnabled: false, appium:deviceName: iPhone 14, appium:executionId: 2d9dfa52-1c8f-4143-9b02-755..., appium:javascriptEnabled: true, appium:locationContextEnabled: false, appium:manufacturer: Apple, appium:mjpegServerPort: 9412, appium:model: iPhone 14, appium:networkConnectionEnabled: false, appium:platformVersion: 16.4, appium:reportPdfUrl: https://hnb.app.perfectomob..., appium:securityToken: eyJhbGciOiJIUzI1NiIsInR5cCI..., appium:simulatorStartupTimeout: 300000, appium:stopUrl: https://hnb.perfectomobile...., appium:streamInfo: {&amp;quot;url&amp;quot;:&amp;quot;https://fast-image-..., appium:takesScreenshot: true, appium:testGridReportUrl: https://hnb.app.perfectomob..., appium:udid: 5B7129DB-D65F-46DE-A31D-1E9..., appium:usePrebuiltWDA: true, appium:useVirtualDevice: true, appium:webStorageEnabled: false, platformName: IOS}
Session ID: 2d9dfa52-1c8f-4143-9b02-755e18415116">
      <![CDATA[org.openqa.selenium.NoSuchElementException: An element could not be located on the page using the given search parameters.
For documentation on this error, please visit: https://www.selenium.dev/documentation/webdriver/troubleshooting/errors#no-such-element-exception
Build info: version: '4.19.1', revision: 'abe0ee07dc'
System info: os.name: 'Mac OS X', os.arch: 'x86_64', os.version: '10.16', java.version: '12.0.2'
Driver info: io.appium.java_client.ios.IOSDriver
Command: [2d9dfa52-1c8f-4143-9b02-755e18415116, findElement {using=xpath, value=//*[@label='One-Time Code']}]
Capabilities {appium:automationName: XCuiTest, appium:bundleId: com.huntington.mbusinessonl..., appium:databaseEnabled: false, appium:deviceName: iPhone 14, appium:executionId: 2d9dfa52-1c8f-4143-9b02-755..., appium:javascriptEnabled: true, appium:locationContextEnabled: false, appium:manufacturer: Apple, appium:mjpegServerPort: 9412, appium:model: iPhone 14, appium:networkConnectionEnabled: false, appium:platformVersion: 16.4, appium:reportPdfUrl: https://hnb.app.perfectomob..., appium:securityToken: eyJhbGciOiJIUzI1NiIsInR5cCI..., appium:simulatorStartupTimeout: 300000, appium:stopUrl: https://hnb.perfectomobile...., appium:streamInfo: {"url":"https://fast-image-..., appium:takesScreenshot: true, appium:testGridReportUrl: https://hnb.app.perfectomob..., appium:udid: 5B7129DB-D65F-46DE-A31D-1E9..., appium:usePrebuiltWDA: true, appium:useVirtualDevice: true, appium:webStorageEnabled: false, platformName: IOS}
Session ID: 2d9dfa52-1c8f-4143-9b02-755e18415116
at org.openqa.selenium.remote.codec.w3c.W3CHttpResponseCodec.createException(W3CHttpResponseCodec.java:200)
at org.openqa.selenium.remote.codec.w3c.W3CHttpResponseCodec.decode(W3CHttpResponseCodec.java:133)
at org.openqa.selenium.remote.codec.w3c.W3CHttpResponseCodec.decode(W3CHttpResponseCodec.java:52)
at org.openqa.selenium.remote.HttpCommandExecutor.execute(HttpCommandExecutor.java:191)
at io.appium.java_client.remote.AppiumCommandExecutor.execute(AppiumCommandExecutor.java:262)
at org.openqa.selenium.remote.RemoteWebDriver.execute(RemoteWebDriver.java:602)
at org.openqa.selenium.remote.ElementLocation$ElementFinder$2.findElement(ElementLocation.java:165)
at org.openqa.selenium.remote.ElementLocation.findElement(ElementLocation.java:59)
at org.openqa.selenium.remote.RemoteWebDriver.findElement(RemoteWebDriver.java:359)
at org.openqa.selenium.remote.RemoteWebDriver.findElement(RemoteWebDriver.java:353)
at Allure.AllureDemoJAVA11.hnb_ios.Login(hnb_ios.java:115)
at java.base/java.util.ArrayList.forEach(ArrayList.java:1540)
... Removed 32 stack frames]]>
    </failure>
  </testcase> <!-- Login -->
</testsuite> <!-- Test Basics -->
